<?xml version="1.0" encoding="UTF-8"?>
<testsuite xmlns:xsi="http://www.w3.org/2001/XMLSchema-instance" xsi:noNamespaceSchemaLocation="https://maven.apache.org/surefire/maven-surefire-plugin/xsd/surefire-test-report-3.0.xsd" version="3.0" name="com.springboot.demo.MyApplication.MyApplicationTests" time="14.047" tests="1" errors="0" skipped="0" failures="0">
  <properties>
[...]
</properties>
  <testcase name="contextLoads" classname="com.springboot.demo.MyApplication.MyApplicationTests" time="3.576">
    <system-out><![CDATA[22:44:34.397 [main] INFO org.springframework.test.context.support.AnnotationConfigContextLoaderUtils -- Could not detect default configuration classes for test class [com.springboot.demo.MyApplication.MyApplicationTests]: MyApplicationTests does not declare any static, non-private, non-final, nested classes annotated with @Configuration.
22:44:34.657 [main] INFO org.springframework.boot.test.context.SpringBootTestContextBootstrapper -- Found @SpringBootConfiguration com.springboot.demo.MyApplication.MyApplication for test class com.springboot.demo.MyApplication.MyApplicationTests
22:44:35.002 [main] INFO org.springframework.boot.devtools.restart.RestartApplicationListener -- Restart disabled due to context in which it is running

  .   ____          _            __ _ _
 /\\ / ___'_ __ _ _(_)_ __  __ _ \ \ \ \
( ( )\___ | '_ | '_| | '_ \/ _` | \ \ \ \
 \\/  ___)| |_)| | | | | || (_| |  ) ) ) )
  '  |____| .__|_| |_|_| |_\__, | / / / /
 =========|_|==============|___/=/_/_/_/
 :: Spring Boot ::                (v3.1.5)

2023-11-06T22:44:35.805-05:00  INFO 5616 --- [           main] c.s.d.MyApplication.MyApplicationTests   : Starting MyApplicationTests using Java 17.0.8 with PID 5616 (started by uzair in C:\Users\uzair\Desktop\dev\courses\spring-boot\01-spring-boot-overview\03-actuator-demo)
2023-11-06T22:44:35.808-05:00  INFO 5616 --- [           main] c.s.d.MyApplication.MyApplicationTests   : No active profile set, falling back to 1 default profile: "default"
2023-11-06T22:44:43.446-05:00  INFO 5616 --- [           main] o.s.b.a.e.web.EndpointLinksResolver      : Exposing 13 endpoint(s) beneath base path '/actuator'
2023-11-06T22:44:43.538-05:00  INFO 5616 --- [           main] o.s.s.web.DefaultSecurityFilterChain     : Will secure any request with [org.springframework.security.web.session.DisableEncodeUrlFilter@5cff729b, org.springframework.security.web.context.request.async.WebAsyncManagerIntegrationFilter@10d18696, org.springframework.security.web.context.SecurityContextHolderFilter@2dbfa972, org.springframework.security.web.header.HeaderWriterFilter@51e7589f, org.springframework.web.filter.CorsFilter@6b8b5020, org.springframework.security.web.csrf.CsrfFilter@2dc39b53, org.springframework.security.web.authentication.logout.LogoutFilter@69a40b3c, org.springframework.security.web.authentication.UsernamePasswordAuthenticationFilter@23bd0c81, org.springframework.security.web.authentication.ui.DefaultLoginPageGeneratingFilter@8641b7d, org.springframework.security.web.authentication.ui.DefaultLogoutPageGeneratingFilter@7d37ee0c, org.springframework.security.web.authentication.www.BasicAuthenticationFilter@3b4ef59f, org.springframework.security.web.savedrequest.RequestCacheAwareFilter@41aebbb4, org.springframework.security.web.servletapi.SecurityContextHolderAwareRequestFilter@11e9ac24, org.springframework.security.web.authentication.AnonymousAuthenticationFilter@5a7b309b, org.springframework.security.web.access.ExceptionTranslationFilter@33d28f0a, org.springframework.security.web.access.intercept.AuthorizationFilter@2801827a]
2023-11-06T22:44:43.936-05:00  INFO 5616 --- [           main] c.s.d.MyApplication.MyApplicationTests   : Started MyApplicationTests in 8.945 seconds (process running for 11.271)
]]></system-out>
  </testcase>
</testsuite>